  pointer.c
C:\Users\gkgkg\GitHub\C_practice_2023\Myproject\Myproject\pointer.c(11,9): warning C4477: 'printf' : 서식 문자열 '%d'에 'int' 형식의 인수가 필요하지만 variadic 인수 1의 형식이 'int *'입니다.
C:\Users\gkgkg\GitHub\C_practice_2023\Myproject\Myproject\pointer.c(11,9): warning C4313: 'printf': 서식 문자열의 '%d'이(가) int *' 형식의 인수 1과(와) 충돌합니다.
C:\Users\gkgkg\GitHub\C_practice_2023\Myproject\Myproject\pointer.c(12,9): warning C4477: 'printf' : 서식 문자열 '%d'에 'int' 형식의 인수가 필요하지만 variadic 인수 1의 형식이 'int *'입니다.
C:\Users\gkgkg\GitHub\C_practice_2023\Myproject\Myproject\pointer.c(12,9): warning C4313: 'printf': 서식 문자열의 '%d'이(가) int *' 형식의 인수 1과(와) 충돌합니다.
C:\Users\gkgkg\GitHub\C_practice_2023\Myproject\Myproject\pointer.c(13,9): warning C4477: 'printf' : 서식 문자열 '%d'에 'int' 형식의 인수가 필요하지만 variadic 인수 1의 형식이 'int *'입니다.
C:\Users\gkgkg\GitHub\C_practice_2023\Myproject\Myproject\pointer.c(13,9): warning C4313: 'printf': 서식 문자열의 '%d'이(가) int *' 형식의 인수 1과(와) 충돌합니다.
C:\Users\gkgkg\GitHub\C_practice_2023\Myproject\Myproject\pointer.c(20,9): warning C4477: 'printf' : 서식 문자열 '%d'에 'int' 형식의 인수가 필요하지만 variadic 인수 1의 형식이 'int *'입니다.
C:\Users\gkgkg\GitHub\C_practice_2023\Myproject\Myproject\pointer.c(20,9): warning C4313: 'printf': 서식 문자열의 '%d'이(가) int *' 형식의 인수 1과(와) 충돌합니다.
C:\Users\gkgkg\GitHub\C_practice_2023\Myproject\Myproject\pointer.c(23,9): warning C4477: 'printf' : 서식 문자열 '%d'에 'int' 형식의 인수가 필요하지만 variadic 인수 1의 형식이 'int *'입니다.
C:\Users\gkgkg\GitHub\C_practice_2023\Myproject\Myproject\pointer.c(23,9): warning C4313: 'printf': 서식 문자열의 '%d'이(가) int *' 형식의 인수 1과(와) 충돌합니다.
C:\Users\gkgkg\GitHub\C_practice_2023\Myproject\Myproject\pointer.c(26,9): warning C4477: 'printf' : 서식 문자열 '%d'에 'int' 형식의 인수가 필요하지만 variadic 인수 1의 형식이 'int *'입니다.
C:\Users\gkgkg\GitHub\C_practice_2023\Myproject\Myproject\pointer.c(26,9): warning C4313: 'printf': 서식 문자열의 '%d'이(가) int *' 형식의 인수 1과(와) 충돌합니다.
C:\Users\gkgkg\GitHub\C_practice_2023\Myproject\Myproject\pointer.c(32,9): warning C4477: 'printf' : 서식 문자열 '%d'에 'int' 형식의 인수가 필요하지만 variadic 인수 1의 형식이 'int *'입니다.
C:\Users\gkgkg\GitHub\C_practice_2023\Myproject\Myproject\pointer.c(32,9): warning C4313: 'printf': 서식 문자열의 '%d'이(가) int *' 형식의 인수 1과(와) 충돌합니다.
C:\Users\gkgkg\GitHub\C_practice_2023\Myproject\Myproject\pointer.c(36,9): warning C4477: 'printf' : 서식 문자열 '%d'에 'int' 형식의 인수가 필요하지만 variadic 인수 1의 형식이 'int *'입니다.
C:\Users\gkgkg\GitHub\C_practice_2023\Myproject\Myproject\pointer.c(36,9): warning C4313: 'printf': 서식 문자열의 '%d'이(가) int *' 형식의 인수 1과(와) 충돌합니다.
C:\Users\gkgkg\GitHub\C_practice_2023\Myproject\Myproject\pointer.c(40,9): warning C4477: 'printf' : 서식 문자열 '%d'에 'int' 형식의 인수가 필요하지만 variadic 인수 1의 형식이 'int *'입니다.
C:\Users\gkgkg\GitHub\C_practice_2023\Myproject\Myproject\pointer.c(40,9): warning C4313: 'printf': 서식 문자열의 '%d'이(가) int *' 형식의 인수 1과(와) 충돌합니다.
C:\Users\gkgkg\GitHub\C_practice_2023\Myproject\Myproject\pointer.c(48,9): warning C4477: 'printf' : 서식 문자열 '%d'에 'int' 형식의 인수가 필요하지만 variadic 인수 1의 형식이 'int *'입니다.
C:\Users\gkgkg\GitHub\C_practice_2023\Myproject\Myproject\pointer.c(48,9): warning C4313: 'printf': 서식 문자열의 '%d'이(가) int *' 형식의 인수 1과(와) 충돌합니다.
C:\Users\gkgkg\GitHub\C_practice_2023\Myproject\Myproject\pointer.c(52,9): warning C4477: 'printf' : 서식 문자열 '%d'에 'int' 형식의 인수가 필요하지만 variadic 인수 1의 형식이 'int *'입니다.
C:\Users\gkgkg\GitHub\C_practice_2023\Myproject\Myproject\pointer.c(52,9): warning C4313: 'printf': 서식 문자열의 '%d'이(가) int *' 형식의 인수 1과(와) 충돌합니다.
C:\Users\gkgkg\GitHub\C_practice_2023\Myproject\Myproject\pointer.c(56,9): warning C4477: 'printf' : 서식 문자열 '%d'에 'int' 형식의 인수가 필요하지만 variadic 인수 1의 형식이 'int *'입니다.
C:\Users\gkgkg\GitHub\C_practice_2023\Myproject\Myproject\pointer.c(56,9): warning C4313: 'printf': 서식 문자열의 '%d'이(가) int *' 형식의 인수 1과(와) 충돌합니다.
C:\Users\gkgkg\GitHub\C_practice_2023\Myproject\Myproject\pointer.c(60,9): warning C4477: 'printf' : 서식 문자열 '%d'에 'int' 형식의 인수가 필요하지만 variadic 인수 1의 형식이 'int *'입니다.
C:\Users\gkgkg\GitHub\C_practice_2023\Myproject\Myproject\pointer.c(60,9): warning C4313: 'printf': 서식 문자열의 '%d'이(가) int *' 형식의 인수 1과(와) 충돌합니다.
C:\Users\gkgkg\GitHub\C_practice_2023\Myproject\Myproject\pointer.c(61,9): warning C4477: 'printf' : 서식 문자열 '%d'에 'int' 형식의 인수가 필요하지만 variadic 인수 1의 형식이 'int *'입니다.
C:\Users\gkgkg\GitHub\C_practice_2023\Myproject\Myproject\pointer.c(61,9): warning C4313: 'printf': 서식 문자열의 '%d'이(가) int *' 형식의 인수 1과(와) 충돌합니다.
C:\Users\gkgkg\GitHub\C_practice_2023\Myproject\Myproject\pointer.c(62,9): warning C4477: 'printf' : 서식 문자열 '%d'에 'int' 형식의 인수가 필요하지만 variadic 인수 1의 형식이 'int *'입니다.
C:\Users\gkgkg\GitHub\C_practice_2023\Myproject\Myproject\pointer.c(62,9): warning C4313: 'printf': 서식 문자열의 '%d'이(가) int *' 형식의 인수 1과(와) 충돌합니다.
C:\Users\gkgkg\GitHub\C_practice_2023\Myproject\Myproject\pointer.c(65,9): warning C4477: 'printf' : 서식 문자열 '%d'에 'int' 형식의 인수가 필요하지만 variadic 인수 1의 형식이 'int **'입니다.
C:\Users\gkgkg\GitHub\C_practice_2023\Myproject\Myproject\pointer.c(65,9): warning C4313: 'printf': 서식 문자열의 '%d'이(가) int **' 형식의 인수 1과(와) 충돌합니다.
C:\Users\gkgkg\GitHub\C_practice_2023\Myproject\Myproject\pointer.c(65,9): warning C4477: 'printf' : 서식 문자열 '%d'에 'int' 형식의 인수가 필요하지만 variadic 인수 2의 형식이 'int *'입니다.
C:\Users\gkgkg\GitHub\C_practice_2023\Myproject\Myproject\pointer.c(65,9): warning C4313: 'printf': 서식 문자열의 '%d'이(가) int *' 형식의 인수 2과(와) 충돌합니다.
C:\Users\gkgkg\GitHub\C_practice_2023\Myproject\Myproject\pointer.c(66,9): warning C4477: 'printf' : 서식 문자열 '%d'에 'int' 형식의 인수가 필요하지만 variadic 인수 1의 형식이 'int **'입니다.
C:\Users\gkgkg\GitHub\C_practice_2023\Myproject\Myproject\pointer.c(66,9): warning C4313: 'printf': 서식 문자열의 '%d'이(가) int **' 형식의 인수 1과(와) 충돌합니다.
C:\Users\gkgkg\GitHub\C_practice_2023\Myproject\Myproject\pointer.c(66,9): warning C4477: 'printf' : 서식 문자열 '%d'에 'int' 형식의 인수가 필요하지만 variadic 인수 2의 형식이 'int *'입니다.
C:\Users\gkgkg\GitHub\C_practice_2023\Myproject\Myproject\pointer.c(66,9): warning C4313: 'printf': 서식 문자열의 '%d'이(가) int *' 형식의 인수 2과(와) 충돌합니다.
C:\Users\gkgkg\GitHub\C_practice_2023\Myproject\Myproject\pointer.c(70,9): warning C4477: 'printf' : 서식 문자열 '%d'에 'int' 형식의 인수가 필요하지만 variadic 인수 1의 형식이 'int *'입니다.
C:\Users\gkgkg\GitHub\C_practice_2023\Myproject\Myproject\pointer.c(70,9): warning C4313: 'printf': 서식 문자열의 '%d'이(가) int *' 형식의 인수 1과(와) 충돌합니다.
C:\Users\gkgkg\GitHub\C_practice_2023\Myproject\Myproject\pointer.c(71,9): warning C4477: 'printf' : 서식 문자열 '%d'에 'int' 형식의 인수가 필요하지만 variadic 인수 1의 형식이 'int **'입니다.
C:\Users\gkgkg\GitHub\C_practice_2023\Myproject\Myproject\pointer.c(71,9): warning C4313: 'printf': 서식 문자열의 '%d'이(가) int **' 형식의 인수 1과(와) 충돌합니다.
C:\Users\gkgkg\GitHub\C_practice_2023\Myproject\Myproject\pointer.c(71,9): warning C4477: 'printf' : 서식 문자열 '%d'에 'int' 형식의 인수가 필요하지만 variadic 인수 2의 형식이 'int *'입니다.
C:\Users\gkgkg\GitHub\C_practice_2023\Myproject\Myproject\pointer.c(71,9): warning C4313: 'printf': 서식 문자열의 '%d'이(가) int *' 형식의 인수 2과(와) 충돌합니다.
C:\Users\gkgkg\GitHub\C_practice_2023\Myproject\Myproject\pointer.c(72,9): warning C4477: 'printf' : 서식 문자열 '%d'에 'int' 형식의 인수가 필요하지만 variadic 인수 1의 형식이 'int **'입니다.
C:\Users\gkgkg\GitHub\C_practice_2023\Myproject\Myproject\pointer.c(72,9): warning C4313: 'printf': 서식 문자열의 '%d'이(가) int **' 형식의 인수 1과(와) 충돌합니다.
C:\Users\gkgkg\GitHub\C_practice_2023\Myproject\Myproject\pointer.c(72,9): warning C4477: 'printf' : 서식 문자열 '%d'에 'int' 형식의 인수가 필요하지만 variadic 인수 2의 형식이 'int *'입니다.
C:\Users\gkgkg\GitHub\C_practice_2023\Myproject\Myproject\pointer.c(72,9): warning C4313: 'printf': 서식 문자열의 '%d'이(가) int *' 형식의 인수 2과(와) 충돌합니다.
C:\Users\gkgkg\GitHub\C_practice_2023\Myproject\Myproject\pointer.c(68,7): warning C4047: '초기화 중': 'int *'의 간접 참조 수준이 'int **'과(와) 다릅니다.
  Myproject.vcxproj -> C:\Users\gkgkg\GitHub\C_practice_2023\Myproject\x64\Debug\Myproject.exe
